2025-05-31T06:28:20.769269Z  INFO telemetry: job_telemetry_init artifact_type=installed branch=origin/e36cba7bef506873865c2f04e5ebfb3ac5621cde ci_number=20250424.6 ci_name=CommonRuntime-RuntimeTeam-Linux-Prod-Build build_time=2025-04-24 22:57:35.474596
2025-05-31T06:28:20.770197Z  INFO run_execution_wrapper: execution_wrapper: Successfully dumped bootstrapping environment to file
2025-05-31T06:28:20.770235Z  INFO run_execution_wrapper: execution_wrapper: Enable std log streaming is not specified in executor configuration, default to not stream logs to stdout and stderr
2025-05-31T06:28:20.770255Z  INFO run_execution_wrapper: execution_wrapper: Enable termination signal handling is not specified in executor configuration, default to ignore termination signals
2025-05-31T06:28:20.770267Z  INFO run_execution_wrapper: execution_wrapper: Executor config not provided, certificates will not be updated.
2025-05-31T06:28:20.770328Z  INFO run_execution_wrapper:execution-wrapper::run_service{path_mapping_kind=None error_pattern_json_files_post_execution=None error_pattern_json_file_mid_execution=None enable_std_log_streaming=false skip_user_log_file_generation=false enable_termination_signal_handling=false}: execution_wrapper::service: serving execution service at executor_address=/mnt/azureml/cr/j/68b128e6595a41eea5a6ced62434a344/.grpc/executor:0
2025-05-31T06:28:20.770481Z  INFO run_execution_wrapper:execution-wrapper::run_service{path_mapping_kind=None error_pattern_json_files_post_execution=None error_pattern_json_file_mid_execution=None enable_std_log_streaming=false skip_user_log_file_generation=false enable_termination_signal_handling=false}: cr_core: Successfully configured current process to ignore termination signals
2025-05-31T06:28:20.770535Z  INFO run_execution_wrapper:execution-wrapper::run_service{path_mapping_kind=None error_pattern_json_files_post_execution=None error_pattern_json_file_mid_execution=None enable_std_log_streaming=false skip_user_log_file_generation=false enable_termination_signal_handling=false}:serve: grpc_utils::endpoint::serve: serving gRPC service endpoint=Uds("/mnt/azureml/cr/j/68b128e6595a41eea5a6ced62434a344/.grpc/executor:0") retry=ExponentialBackoffRetry { retry_delay_secs: 2, delay_factor: 1000, num_retries: 3 }
2025-05-31T06:29:55.208085Z  INFO ExecutionServicer::run: grpc_utils::server: Got grpc request request_name="run" remote_addr=None
2025-05-31T06:29:55.208449Z  INFO ExecutionServicer::run:ExecutionServicer::spawn_execution{wait_execution_completion=false}: execution_wrapper::service: spawn_execution request id="45c3ec5e-8412-4f97-9f6a-c70d4bf336ab" client_address=Some("/mnt/azureml/cr/j/68b128e6595a41eea5a6ced62434a344/.grpc/lifecycler:0")
2025-05-31T06:29:55.208960Z  WARN ExecutionServicer::run:ExecutionServicer::spawn_execution{wait_execution_completion=false}:inject_legacy_env_vars: execution_wrapper::legacy_env_vars: Skip injecting legacy env vars, distributed config is None, setting only the defaults
2025-05-31T06:29:55.208995Z  INFO ExecutionServicer::run:ExecutionServicer::spawn_execution{wait_execution_completion=false}:inject_legacy_env_vars: execution_wrapper::legacy_env_vars: Injecting AZ_BATCHAI_JOB_WORK_DIR=/mnt/azureml/cr/j/68b128e6595a41eea5a6ced62434a344/exe/wd working_dir="/mnt/azureml/cr/j/68b128e6595a41eea5a6ced62434a344/exe/wd"
2025-05-31T06:29:55.209292Z  INFO ExecutionServicer::run:ExecutionServicer::spawn_execution{wait_execution_completion=false}:inject_legacy_env_vars: execution_wrapper::legacy_env_vars: Injecting AZUREML_PROCESS_NAME=main as default
2025-05-31T06:29:55.209689Z  INFO ExecutionServicer::run:ExecutionServicer::spawn_execution{wait_execution_completion=false}:inject_legacy_env_vars:get_gpu_count: execution_wrapper::common: Get ComputeContext from env success compute_context=ComputeContext { cluster_name: "arima-instance", node_id: Literal("arima-instance-tLidcRPEOrBWBPm5Wotf5iZ5ZRqhKORq-vm"), vm_id: Some("d3eebde3-82f1-4567-9fb5-19c5e08f4b18"), run_attempt_count: 1, gpu_count: Some(0), vm_size: Some("Standard_D2d_v5"), readable_cluster_name: Some("arima-instance"), vm_priority: Some(Dedicated), use_vnet_or_private_link: false }
2025-05-31T06:29:55.210171Z  INFO ExecutionServicer::run:ExecutionServicer::spawn_execution{wait_execution_completion=false}:inject_legacy_env_vars:get_gpu_count: execution_wrapper::common: close time.busy=641µs time.idle=5.10µs
2025-05-31T06:29:55.210603Z  INFO ExecutionServicer::run:ExecutionServicer::spawn_execution{wait_execution_completion=false}:inject_legacy_env_vars:override_dc_env_vars: execution_wrapper::dc_env_vars: Updated env AZUREML_CR_EXECUTOR_CONFIG for spawned process
2025-05-31T06:29:55.210643Z  INFO ExecutionServicer::run:ExecutionServicer::spawn_execution{wait_execution_completion=false}:inject_legacy_env_vars:override_dc_env_vars: execution_wrapper::dc_env_vars: Env var AZUREML_CR_DISTRIBUTED_CONFIG is empty for current process
2025-05-31T06:29:55.210657Z  INFO ExecutionServicer::run:ExecutionServicer::spawn_execution{wait_execution_completion=false}:inject_legacy_env_vars:override_dc_env_vars: execution_wrapper::dc_env_vars: Updated env AZUREML_SERVICE_ENDPOINT for spawned process
2025-05-31T06:29:55.210676Z  INFO ExecutionServicer::run:ExecutionServicer::spawn_execution{wait_execution_completion=false}:inject_legacy_env_vars:override_dc_env_vars: execution_wrapper::dc_env_vars: Updated env AZUREML_SERVICE_CERT_ENDPOINT for spawned process
2025-05-31T06:29:55.210692Z  INFO ExecutionServicer::run:ExecutionServicer::spawn_execution{wait_execution_completion=false}:inject_legacy_env_vars:override_dc_env_vars: execution_wrapper::dc_env_vars: Updated env AZUREML_DISCOVERY_SERVICE_ENDPOINT for spawned process
2025-05-31T06:29:55.210706Z  INFO ExecutionServicer::run:ExecutionServicer::spawn_execution{wait_execution_completion=false}:inject_legacy_env_vars:override_dc_env_vars: execution_wrapper::dc_env_vars: Env var AZUREML_DEV_URL_MLFLOW is empty for current process
2025-05-31T06:29:55.210723Z  INFO ExecutionServicer::run:ExecutionServicer::spawn_execution{wait_execution_completion=false}:inject_legacy_env_vars:override_dc_env_vars: execution_wrapper::dc_env_vars: Updated env AZUREML_RUN_HISTORY_SERVICE_ENDPOINT for spawned process
2025-05-31T06:29:55.210736Z  INFO ExecutionServicer::run:ExecutionServicer::spawn_execution{wait_execution_completion=false}:inject_legacy_env_vars:override_dc_env_vars: execution_wrapper::dc_env_vars: close time.busy=136µs time.idle=3.43µs
2025-05-31T06:29:55.210745Z  INFO ExecutionServicer::run:ExecutionServicer::spawn_execution{wait_execution_completion=false}:inject_legacy_env_vars: execution_wrapper::legacy_env_vars: close time.busy=1.79ms time.idle=4.92µs
2025-05-31T06:29:55.210763Z  INFO ExecutionServicer::run:ExecutionServicer::spawn_execution{wait_execution_completion=false}: execution_wrapper::infiniband_utils: Is InfiniBand device present: true infiniband_device_path="/dev/infiniband/uverbs0"
2025-05-31T06:29:55.210842Z  INFO ExecutionServicer::run:ExecutionServicer::spawn_execution{wait_execution_completion=false}: execution_wrapper::service: Spawning execution
2025-05-31T06:29:55.214885Z  INFO ExecutionServicer::run:ExecutionServicer::spawn_execution{wait_execution_completion=false}:Execution::parse_commands: execution_wrapper::command_resolvers::shell: Using detected user shell: "/bin/bash" shell="/bin/bash"
2025-05-31T06:29:55.215062Z  INFO ExecutionServicer::run:ExecutionServicer::spawn_execution{wait_execution_completion=false}:Execution::parse_commands: execution_wrapper::execution: close time.busy=3.66ms time.idle=3.62µs
2025-05-31T06:29:55.215689Z  INFO ExecutionServicer::run:ExecutionServicer::spawn_execution{wait_execution_completion=false}:Execution::spawn{wait_execution_completion=false}: execution_wrapper::execution: Spawning target process
2025-05-31T06:29:55.217058Z  INFO ExecutionServicer::run:ExecutionServicer::spawn_execution{wait_execution_completion=false}:Execution::spawn{wait_execution_completion=false}: execution_wrapper::execution: execution process spawned pid=14
2025-05-31T06:29:55.217265Z  INFO execution_wrapper::execution: start waiting for processes execution to complete num_processes=1
2025-05-31T06:29:55.217721Z  INFO Execution::wait_for_completion: execution_wrapper::execution::process_manager: ProcessManagerExecution state changing from PendingExecution to PendingExecution
2025-05-31T06:30:24.267178Z  INFO Execution::wait_for_completion: execution_wrapper::execution::process_manager: ProcessManagerExecution state changing from PendingExecution to ExecutionCompleted
2025-05-31T06:30:24.267311Z  INFO Execution::wait_for_completion: execution_wrapper::execution::process_manager: Start collecting process exit statuses
2025-05-31T06:30:24.267363Z  INFO Execution::wait_for_completion: execution_wrapper::execution::process_manager: Successfully collected the exit status of user process pid=14 process_name=python killed_by_process_manager=false
2025-05-31T06:30:24.267413Z  INFO Execution::wait_for_completion: execution_wrapper::execution::process_manager: Process manager successfully collected the exit statuses of all user processes on current node
2025-05-31T06:30:24.267461Z  INFO Execution::wait_for_completion: execution_wrapper::execution::process_manager: ProcessManagerExecution state changing from ExecutionCompleted to CleanupStreamingTasks
2025-05-31T06:30:24.267510Z  INFO Execution::wait_for_completion: execution_wrapper::execution::process_manager: Start cleaning up execution log streaming tasks
2025-05-31T06:30:24.267566Z  INFO Execution::wait_for_completion: execution_wrapper::execution::process_manager: Process manager successfully aborted all streaming tasks for current execution
2025-05-31T06:30:24.267606Z  INFO Execution::wait_for_completion: execution_wrapper::execution: Gathered execution result for rank 0 process_rank=0 exit_code=0 stderr_path=Some("user_logs/std_log.txt")
2025-05-31T06:30:24.267656Z  INFO Execution::wait_for_completion: execution_wrapper::execution: [wait_for_completion] execution process completed.
2025-05-31T06:30:24.267781Z  WARN Execution::wait_for_completion:ExecutionFinalizer::on_exit:ExecutionFinalizer::complete_execution: grpc_utils::span: failed to inject span context to grpc request
2025-05-31T06:30:24.267828Z  INFO Execution::wait_for_completion:ExecutionFinalizer::on_exit:ExecutionFinalizer::complete_execution:execution-wrapper::connect_to_callback_service: execution_wrapper::service: connecting to callback endpoint: /mnt/azureml/cr/j/68b128e6595a41eea5a6ced62434a344/.grpc/lifecycler:0 client_address=/mnt/azureml/cr/j/68b128e6595a41eea5a6ced62434a344/.grpc/lifecycler:0
2025-05-31T06:30:24.268385Z  INFO Execution::wait_for_completion:ExecutionFinalizer::on_exit:ExecutionFinalizer::complete_execution:execution-wrapper::connect_to_callback_service:connect: grpc_utils::endpoint::connect: Connecting to gRPC service endpoint=Uds("/mnt/azureml/cr/j/68b128e6595a41eea5a6ced62434a344/.grpc/lifecycler:0") retry=FixedIntervalRetry { attempt_timeout_millis: 50, retry_delay_millis: 10, max_duration: 600s }
2025-05-31T06:30:24.268828Z  INFO Execution::wait_for_completion:ExecutionFinalizer::on_exit:ExecutionFinalizer::complete_execution:execution-wrapper::connect_to_callback_service:connect: grpc_utils::endpoint::connect: Successfully connected to gRPC service endpoint=Uds("/mnt/azureml/cr/j/68b128e6595a41eea5a6ced62434a344/.grpc/lifecycler:0")
2025-05-31T06:30:24.268977Z  INFO Execution::wait_for_completion:ExecutionFinalizer::on_exit:ExecutionFinalizer::complete_execution:execution-wrapper::connect_to_callback_service:connect: grpc_utils::endpoint::connect: close time.busy=578µs time.idle=20.9µs
2025-05-31T06:30:24.269093Z  INFO Execution::wait_for_completion:ExecutionFinalizer::on_exit:ExecutionFinalizer::complete_execution:execution-wrapper::connect_to_callback_service: execution_wrapper::service: close time.busy=1.25ms time.idle=16.1µs
2025-05-31T06:30:24.270194Z  INFO Execution::wait_for_completion:ExecutionFinalizer::on_exit:ExecutionFinalizer::complete_execution: execution_wrapper::service: Completed execution id=45c3ec5e-8412-4f97-9f6a-c70d4bf336ab
2025-05-31T06:30:24.270257Z  INFO Execution::wait_for_completion:ExecutionFinalizer::on_exit:ExecutionFinalizer::complete_execution: execution_wrapper::service: close time.busy=1.90ms time.idle=579µs
2025-05-31T06:30:24.270271Z  INFO Execution::wait_for_completion:ExecutionFinalizer::on_exit: execution_wrapper::service: close time.busy=1.92ms time.idle=591µs
2025-05-31T06:30:24.270279Z  INFO ExecutionServicer::run:ExecutionServicer::spawn_execution{wait_execution_completion=false}:Execution::spawn{wait_execution_completion=false}: execution_wrapper::execution: close time.busy=1.92ms time.idle=29.1s
2025-05-31T06:30:24.270287Z  INFO ExecutionServicer::run:ExecutionServicer::spawn_execution{wait_execution_completion=false}: execution_wrapper::service: close time.busy=8.70ms time.idle=29.1s
2025-05-31T06:30:24.270293Z  INFO ExecutionServicer::run: execution_wrapper::service: close time.busy=9.28ms time.idle=29.1s
2025-05-31T06:30:24.270299Z  INFO Execution::wait_for_completion: execution_wrapper::execution: close time.busy=2.75ms time.idle=29.0s
2025-05-31T06:30:24.270318Z  INFO execution_wrapper::execution: process execution completed
